#
# A fatal error has been detected by the Java Runtime Environment:
#
#  SIGSEGV (0xb) at pc=0xb6bab03e, pid=11307, tid=1805597504
#
# JRE version: 6.0_24-b24
# Java VM: OpenJDK Server VM (20.0-b12 mixed mode linux-x86 )
# Derivative: IcedTea6 1.11.4
# Distribution: Ubuntu 12.04 LTS, package 6b24-1.11.4-1ubuntu0.12.04.1
# Problematic frame:
# V  [libjvm.so+0x30c03e]  frame::sender_for_interpreter_frame(RegisterMap*) const+0x6e
#
# If you would like to submit a bug report, please include
# instructions how to reproduce the bug and visit:
#   https://bugs.launchpad.net/ubuntu/+source/openjdk-6/
#

---------------  T H R E A D  ---------------

Current thread (0xb66be800):  JavaThread "JDWP Transport Listener: dt_socket" daemon [_thread_in_vm, id=11321, stack(0x6b9a3000,0x6b9f4000)]

siginfo:si_signo=SIGSEGV: si_errno=0, si_code=1 (SEGV_MAPERR), si_addr=0x00000000

Registers:
EAX=0x00000000, EBX=0xb7101ff4, ECX=0x09502914, EDX=0xb6607c60
ESP=0x6b9f28f0, EBP=0x00000000, ESI=0x6b9f2aa8, EDI=0xb6607c60
EIP=0xb6bab03e, EFLAGS=0x00010246, CR2=0x00000000

Top of Stack: (sp=0x6b9f28f0)
0x6b9f28f0:   0947f658 b6607c60 6b9f2af8 b6effe27
0x6b9f2900:   00000005 00000005 00000020 00000000
0x6b9f2910:   b6608000 b676f118 b672c478 00000000
0x6b9f2920:   b335b308 b335b3e6 00000000 b7101ff4
0x6b9f2930:   6b9f2aa8 09502914 6b9f29f0 b6bab478
0x6b9f2940:   6b9f2aa8 09502914 6b9f29f0 b6ba8a48
0x6b9f2950:   b335d688 00000005 00000020 b7101ff4
0x6b9f2960:   b711d2e4 6b9f2aa8 6b9f2aa8 b6ba903f 

Instructions: (pc=0xb6bab03e)
0xb6bab01e:   04 24 e8 5b 60 04 00 89 c5 85 c0 74 13 39 c7 0f
0xb6bab02e:   82 1d 01 00 00 8b 40 08 01 e8 39 c7 19 c0 21 c5
0xb6bab03e:   8b 45 00 89 2c 24 ff 50 04 84 c0 74 35 85 ed 74
0xb6bab04e:   31 8b 45 64 01 e8 39 c7 0f 84 fc 00 00 00 8b 45 

Register to memory mapping:

EAX=0x00000000 is an unknown value
EBX=0xb7101ff4: <offset 0x862ff4> in /usr/lib/jvm/java-6-openjdk-i386/jre/lib/i386/server/libjvm.so at 0xb689f000
ECX=0x09502914 is an unknown value
EDX=0xb6607c60 is an unknown value
ESP=0x6b9f28f0 is pointing into the stack for thread: 0xb66be800
EBP=0x00000000 is an unknown value
ESI=0x6b9f2aa8 is pointing into the stack for thread: 0xb66be800
EDI=0xb6607c60 is an unknown value


Stack: [0x6b9a3000,0x6b9f4000],  sp=0x6b9f28f0,  free space=318k
Native frames: (J=compiled Java code, j=interpreted, Vv=VM code, C=native code)
V  [libjvm.so+0x30c03e]  frame::sender_for_interpreter_frame(RegisterMap*) const+0x6e

[error occurred during error reporting (printing native stack), id 0xb]


---------------  P R O C E S S  ---------------

Java Threads: ( => current thread )
  0x6bf05400 JavaThread "Thread-0" [_thread_blocked, id=11458, stack(0x6af91000,0x6afe2000)]
  0x6b69f800 JavaThread "SIGTERM handler" daemon [_thread_blocked, id=11457, stack(0x6b901000,0x6b952000)]
  0x6bd1ac00 JavaThread "TimerQueue" daemon [_thread_blocked, id=11435, stack(0x6af40000,0x6af91000)]
  0x6b61d400 JavaThread "AWT-EventQueue-0" [_thread_blocked, id=11386, stack(0x6ad0d000,0x6ad5e000)]
  0x6b61a400 JavaThread "AWT-Shutdown" [_thread_blocked, id=11385, stack(0x6ad5e000,0x6adaf000)]
  0x6b296400 JavaThread "AWT-XAWT" daemon [_thread_blocked, id=11336, stack(0x6afe2000,0x6b033000)]
  0x6b6fac00 JavaThread "Java2D Disposer" daemon [_thread_blocked, id=11335, stack(0x6b115000,0x6b166000)]
  0xb66c8000 JavaThread "Low Memory Detector" daemon [_thread_blocked, id=11329, stack(0x6b7ae000,0x6b7ff000)]
  0xb66c4c00 JavaThread "C2 CompilerThread1" daemon [_thread_blocked, id=11328, stack(0x6b7ff000,0x6b880000)]
  0xb66c2c00 JavaThread "C2 CompilerThread0" daemon [_thread_blocked, id=11327, stack(0x6b880000,0x6b901000)]
  0xb66c1000 JavaThread "JDWP Event Helper Thread" daemon [_thread_blocked, id=11324, stack(0x6b952000,0x6b9a3000)]
=>0xb66be800 JavaThread "JDWP Transport Listener: dt_socket" daemon [_thread_in_vm, id=11321, stack(0x6b9a3000,0x6b9f4000)]
  0xb66a7c00 JavaThread "Finalizer" daemon [_thread_blocked, id=11318, stack(0x6ba4b000,0x6ba9c000)]
  0xb66a6400 JavaThread "Reference Handler" daemon [_thread_blocked, id=11317, stack(0x6ba9c000,0x6baed000)]
  0xb6607400 JavaThread "main" [_thread_blocked, id=11309, stack(0xb671f000,0xb6770000)]

Other Threads:
  0xb66a2400 VMThread [stack: 0x6baed000,0x6bb6e000] [id=11316]

VM state:synchronizing (normal execution)

VM Mutex/Monitor currently owned by a thread:  ([mutex/lock_event])
[0xb6604e78] Threads_lock - owner thread: 0xb66a2400

Heap
 PSYoungGen      total 18816K, used 9714K [0x9e340000, 0x9f830000, 0xb3290000)
  eden space 16192K, 49% used [0x9e340000,0x9eb1a750,0x9f310000)
  from space 2624K, 63% used [0x9f310000,0x9f4b2300,0x9f5a0000)
  to   space 2624K, 0% used [0x9f5a0000,0x9f5a0000,0x9f830000)
 PSOldGen        total 42944K, used 0K [0x74490000, 0x76e80000, 0x9e340000)
  object space 42944K, 0% used [0x74490000,0x74490000,0x76e80000)
 PSPermGen       total 16384K, used 15517K [0x6c490000, 0x6d490000, 0x74490000)
  object space 16384K, 94% used [0x6c490000,0x6d3b7738,0x6d490000)

Code Cache  [0xb335b000, 0xb359b000, 0xb635b000)
 total_blobs=369 nmethods=136 adapters=195 free_code_cache=49753856 largest_free_block=14976

Dynamic libraries:
08048000-08051000 r-xp 00000000 08:03 952157     /usr/lib/jvm/java-6-openjdk-i386/jre/bin/java
08051000-08052000 r--p 00008000 08:03 952157     /usr/lib/jvm/java-6-openjdk-i386/jre/bin/java
08052000-08053000 rw-p 00009000 08:03 952157     /usr/lib/jvm/java-6-openjdk-i386/jre/bin/java
0947e000-097f2000 rw-p 00000000 00:00 0          [heap]
6a4d5000-6a600000 rw-p 00000000 00:00 0 
6a600000-6a65a000 rw-p 00000000 00:00 0 
6a65a000-6a700000 ---p 00000000 00:00 0 
6a7f8000-6a900000 rw-s 00000000 00:04 246906883  /SYSV00000000 (deleted)
6a900000-6a9e0000 rw-p 00000000 00:00 0 
6a9e0000-6aa00000 ---p 00000000 00:00 0 
6ab00000-6abfd000 rw-p 00000000 00:00 0 
6abfd000-6ac00000 ---p 00000000 00:00 0 
6ac87000-6ad0d000 rw-p 00000000 00:00 0 
6ad0d000-6ad10000 ---p 00000000 00:00 0 
6ad10000-6ad5e000 rw-p 00000000 00:00 0 
6ad5e000-6ad61000 ---p 00000000 00:00 0 
6ad61000-6adaf000 rw-p 00000000 00:00 0 
6adaf000-6adb2000 ---p 00000000 00:00 0 
6adb2000-6ae00000 rw-p 00000000 00:00 0 
6ae00000-6aef9000 rw-p 00000000 00:00 0 
6aef9000-6af00000 ---p 00000000 00:00 0 
6af40000-6af43000 ---p 00000000 00:00 0 
6af43000-6af91000 rw-p 00000000 00:00 0 
6af91000-6af94000 ---p 00000000 00:00 0 
6af94000-6afe2000 rw-p 00000000 00:00 0 
6afe2000-6afe5000 ---p 00000000 00:00 0 
6afe5000-6b033000 rw-p 00000000 00:00 0 
6b033000-6b055000 r--s 00000000 08:03 547810     /var/cache/fontconfig/365b55f210c0a22e9a19e35191240f32-le32d4.cache-3
6b068000-6b07d000 r-xp 00000000 08:03 952214     /usr/lib/jvm/java-6-openjdk-i386/jre/lib/i386/libnet.so
6b07d000-6b07e000 r--p 00014000 08:03 952214     /usr/lib/jvm/java-6-openjdk-i386/jre/lib/i386/libnet.so
6b07e000-6b07f000 rw-p 00015000 08:03 952214     /usr/lib/jvm/java-6-openjdk-i386/jre/lib/i386/libnet.so
6b07f000-6b080000 r--s 00000000 08:03 526527     /var/cache/fontconfig/c05880de57d1f5e948fdfacc138775d9-le32d4.cache-3
6b080000-6b086000 r--s 00000000 08:03 523510     /var/cache/fontconfig/945677eb7aeaf62f1d50efc3fb3ec7d8-le32d4.cache-3
6b086000-6b088000 r--s 00000000 08:03 526496     /var/cache/fontconfig/99e8ed0e538f840c565b6ed5dad60d56-le32d4.cache-3
6b088000-6b08b000 r--s 00000000 08:03 526425     /var/cache/fontconfig/2cd17615ca594fa2959ae173292e504c-le32d4.cache-3
6b08b000-6b08c000 r--s 00000000 08:03 526404     /var/cache/fontconfig/e7071f4a29fa870f4323321c154eba04-le32d4.cache-3
6b08c000-6b08d000 r--s 00000000 08:03 526383     /var/cache/fontconfig/0d8c3b2ac0904cb8a57a757ad11a4a08-le32d4.cache-3
6b08d000-6b091000 r--s 00000000 08:03 526299     /var/cache/fontconfig/a755afe4a08bf5b97852ceb7400b47bc-le32d4.cache-3
6b091000-6b098000 r--s 00000000 08:03 526259     /var/cache/fontconfig/6d41288fd70b0be22e8c3a91e032eec0-le32d4.cache-3
6b098000-6b0a3000 r--s 00000000 08:03 526234     /var/cache/fontconfig/04aabc0a78ac019cf9454389977116d2-le32d4.cache-3
6b0a3000-6b0a6000 r--s 00000000 08:03 526233     /var/cache/fontconfig/385c0604a188198f04d133e54aba7fe7-le32d4.cache-3
6b0a6000-6b0a7000 r--s 00000000 08:03 526232     /var/cache/fontconfig/4794a0821666d79190d59a36cb4f44b5-le32d4.cache-3
6b0a7000-6b0aa000 r--s 00000000 08:03 526228     /var/cache/fontconfig/8801497958630a81b71ace7c5f9b32a8-le32d4.cache-3
6b0aa000-6b0cc000 r--s 00000000 08:03 547810     /var/cache/fontconfig/365b55f210c0a22e9a19e35191240f32-le32d4.cache-3
6b0cc000-6b0cd000 r--s 00000000 08:03 526527     /var/cache/fontconfig/c05880de57d1f5e948fdfacc138775d9-le32d4.cache-3
6b0cd000-6b0d3000 r--s 00000000 08:03 523510     /var/cache/fontconfig/945677eb7aeaf62f1d50efc3fb3ec7d8-le32d4.cache-3
6b0d3000-6b0d6000 r--s 00000000 08:03 526425     /var/cache/fontconfig/2cd17615ca594fa2959ae173292e504c-le32d4.cache-3
6b0d6000-6b0e1000 r--s 00000000 08:03 526234     /var/cache/fontconfig/04aabc0a78ac019cf9454389977116d2-le32d4.cache-3
6b0e8000-6b0ec000 r-xp 00000000 08:03 789633     /usr/lib/i386-linux-gnu/libXfixes.so.3.1.0
6b0ec000-6b0ed000 r--p 00004000 08:03 789633     /usr/lib/i386-linux-gnu/libXfixes.so.3.1.0
6b0ed000-6b0ee000 rw-p 00005000 08:03 789633     /usr/lib/i386-linux-gnu/libXfixes.so.3.1.0
6b0ee000-6b0f7000 r-xp 00000000 08:03 789625     /usr/lib/i386-linux-gnu/libXcursor.so.1.0.2
6b0f7000-6b0f8000 r--p 00008000 08:03 789625     /usr/lib/i386-linux-gnu/libXcursor.so.1.0.2
6b0f8000-6b0f9000 rw-p 00009000 08:03 789625     /usr/lib/i386-linux-gnu/libXcursor.so.1.0.2
6b103000-6b104000 rw-p 00000000 00:00 0 
6b104000-6b10c000 r-xp 00000000 08:03 952187     /usr/lib/jvm/java-6-openjdk-i386/jre/lib/i386/libnio.so
6b10c000-6b10d000 r--p 00007000 08:03 952187     /usr/lib/jvm/java-6-openjdk-i386/jre/lib/i386/libnio.so
6b10d000-6b10e000 rw-p 00008000 08:03 952187     /usr/lib/jvm/java-6-openjdk-i386/jre/lib/i386/libnio.so
6b10e000-6b115000 r--s 000fb000 08:03 818333     /usr/lib/jvm/java-6-openjdk-common/jre/lib/resources.jar
6b115000-6b118000 ---p 00000000 00:00 0 
6b118000-6b166000 rw-p 00000000 00:00 0 
6b166000-6b1fb000 r-xp 00000000 08:03 789811     /usr/lib/i386-linux-gnu/libfreetype.so.6.8.0
6b1fb000-6b1ff000 r--p 00094000 08:03 789811     /usr/lib/i386-linux-gnu/libfreetype.so.6.8.0
6b1ff000-6b200000 rw-p 00098000 08:03 789811     /usr/lib/i386-linux-gnu/libfreetype.so.6.8.0
6b200000-6b2f7000 rw-p 00000000 00:00 0 
6b2f7000-6b300000 ---p 00000000 00:00 0 
6b300000-6b304000 r--s 00000000 08:03 526299     /var/cache/fontconfig/a755afe4a08bf5b97852ceb7400b47bc-le32d4.cache-3
6b304000-6b308000 r--s 00000000 08:03 526227     /var/cache/fontconfig/3047814df9a2f067bd2d96a2b9c36e5a-le32d4.cache-3
6b308000-6b309000 r--s 00000000 08:03 526221     /var/cache/fontconfig/56cf4f4769d0f4abc89a4895d7bd3ae1-le32d4.cache-3
6b309000-6b30a000 r--s 00000000 08:03 526220     /var/cache/fontconfig/b9d506c9ac06c20b433354fa67a72993-le32d4.cache-3
6b30a000-6b30e000 r--s 00000000 08:03 526219     /var/cache/fontconfig/b47c4e1ecd0709278f4910c18777a504-le32d4.cache-3
6b30e000-6b310000 r--s 00000000 08:03 526496     /var/cache/fontconfig/99e8ed0e538f840c565b6ed5dad60d56-le32d4.cache-3
6b310000-6b311000 r--s 00000000 08:03 526404     /var/cache/fontconfig/e7071f4a29fa870f4323321c154eba04-le32d4.cache-3
6b311000-6b318000 r--s 00000000 08:03 526259     /var/cache/fontconfig/6d41288fd70b0be22e8c3a91e032eec0-le32d4.cache-3
6b318000-6b31b000 r--s 00000000 08:03 526233     /var/cache/fontconfig/385c0604a188198f04d133e54aba7fe7-le32d4.cache-3
6b31b000-6b31c000 r--s 00000000 08:03 526232     /var/cache/fontconfig/4794a0821666d79190d59a36cb4f44b5-le32d4.cache-3
6b31c000-6b31f000 r--s 00000000 08:03 526228     /var/cache/fontconfig/8801497958630a81b71ace7c5f9b32a8-le32d4.cache-3
6b31f000-6b323000 r--s 00000000 08:03 526227     /var/cache/fontconfig/3047814df9a2f067bd2d96a2b9c36e5a-le32d4.cache-3
6b323000-6b324000 r--s 00000000 08:03 526221     /var/cache/fontconfig/56cf4f4769d0f4abc89a4895d7bd3ae1-le32d4.cache-3
6b324000-6b325000 r--s 00000000 08:03 526220     /var/cache/fontconfig/b9d506c9ac06c20b433354fa67a72993-le32d4.cache-3
6b325000-6b329000 r--s 00000000 08:03 526219     /var/cache/fontconfig/b47c4e1ecd0709278f4910c18777a504-le32d4.cache-3
6b329000-6b336000 r--s 00000000 08:03 526218     /var/cache/fontconfig/d52a8644073d54c13679302ca1180695-le32d4.cache-3
6b336000-6b338000 r--s 00000000 08:03 523507     /var/cache/fontconfig/e13b20fdb08344e0e664864cc2ede53d-le32d4.cache-3
6b338000-6b372000 r-xp 00000000 08:03 952216     /usr/lib/jvm/java-6-openjdk-i386/jre/lib/i386/libfontmanager.so
6b372000-6b373000 r--p 00039000 08:03 952216     /usr/lib/jvm/java-6-openjdk-i386/jre/lib/i386/libfontmanager.so
6b373000-6b374000 rw-p 0003a000 08:03 952216     /usr/lib/jvm/java-6-openjdk-i386/jre/lib/i386/libfontmanager.so
6b374000-6b379000 r-xp 00000000 08:03 789629     /usr/lib/i386-linux-gnu/libXdmcp.so.6.0.0
6b379000-6b37a000 r--p 00004000 08:03 789629     /usr/lib/i386-linux-gnu/libXdmcp.so.6.0.0
6b37a000-6b37b000 rw-p 00005000 08:03 789629     /usr/lib/i386-linux-gnu/libXdmcp.so.6.0.0
6b37b000-6b39a000 r-xp 00000000 08:03 790217     /usr/lib/i386-linux-gnu/libxcb.so.1.1.0
6b39a000-6b39b000 r--p 0001f000 08:03 790217     /usr/lib/i386-linux-gnu/libxcb.so.1.1.0
6b39b000-6b39c000 rw-p 00020000 08:03 790217     /usr/lib/i386-linux-gnu/libxcb.so.1.1.0
6b39c000-6b3aa000 r-xp 00000000 08:03 789637     /usr/lib/i386-linux-gnu/libXi.so.6.1.0
6b3aa000-6b3ab000 r--p 0000d000 08:03 789637     /usr/lib/i386-linux-gnu/libXi.so.6.1.0
6b3ab000-6b3ac000 rw-p 0000e000 08:03 789637     /usr/lib/i386-linux-gnu/libXi.so.6.1.0
6b3ac000-6b3b1000 r-xp 00000000 08:03 789655     /usr/lib/i386-linux-gnu/libXtst.so.6.1.0
6b3b1000-6b3b2000 r--p 00004000 08:03 789655     /usr/lib/i386-linux-gnu/libXtst.so.6.1.0
6b3b2000-6b3b3000 rw-p 00005000 08:03 789655     /usr/lib/i386-linux-gnu/libXtst.so.6.1.0
6b3b3000-6b3bb000 r-xp 00000000 08:03 789651     /usr/lib/i386-linux-gnu/libXrender.so.1.3.0
6b3bb000-6b3bc000 r--p 00007000 08:03 789651     /usr/lib/i386-linux-gnu/libXrender.so.1.3.0
6b3bc000-6b3bd000 rw-p 00008000 08:03 789651     /usr/lib/i386-linux-gnu/libXrender.so.1.3.0
6b3bd000-6b4ed000 r-xp 00000000 08:03 789616     /usr/lib/i386-linux-gnu/libX11.so.6.3.0
6b4ed000-6b4ee000 r--p 0012f000 08:03 789616     /usr/lib/i386-linux-gnu/libX11.so.6.3.0
6b4ee000-6b4f0000 rw-p 00130000 08:03 789616     /usr/lib/i386-linux-gnu/libX11.so.6.3.0
6b4f0000-6b4f1000 rw-p 00000000 00:00 0 
6b4f1000-6b53d000 r-xp 00000000 08:03 945654     /usr/lib/jvm/java-6-openjdk-i386/jre/lib/i386/xawt/libmawt.so
6b53d000-6b53e000 r--p 0004b000 08:03 945654     /usr/lib/jvm/java-6-openjdk-i386/jre/lib/i386/xawt/libmawt.so
6b53e000-6b540000 rw-p 0004c000 08:03 945654     /usr/lib/jvm/java-6-openjdk-i386/jre/lib/i386/xawt/libmawt.so
6b540000-6b541000 rw-p 00000000 00:00 0 
6b541000-6b5d4000 r-xp 00000000 08:03 952186     /usr/lib/jvm/java-6-openjdk-i386/jre/lib/i386/libawt.so
6b5d4000-6b5d5000 r--p 00092000 08:03 952186     /usr/lib/jvm/java-6-openjdk-i386/jre/lib/i386/libawt.so
6b5d5000-6b5dc000 rw-p 00093000 08:03 952186     /usr/lib/jvm/java-6-openjdk-i386/jre/lib/i386/libawt.so
6b5dc000-6b600000 rw-p 00000000 00:00 0 
6b600000-6b6ff000 rw-p 00000000 00:00 0 
6b6ff000-6b700000 ---p 00000000 00:00 0 
6b700000-6b702000 r-xp 00000000 08:03 789618     /usr/lib/i386-linux-gnu/libXau.so.6.0.0
6b702000-6b703000 r--p 00001000 08:03 789618     /usr/lib/i386-linux-gnu/libXau.so.6.0.0
6b703000-6b704000 rw-p 00002000 08:03 789618     /usr/lib/i386-linux-gnu/libXau.so.6.0.0
6b704000-6b714000 r-xp 00000000 08:03 789631     /usr/lib/i386-linux-gnu/libXext.so.6.4.0
6b714000-6b715000 r--p 0000f000 08:03 789631     /usr/lib/i386-linux-gnu/libXext.so.6.4.0
6b715000-6b716000 rw-p 00010000 08:03 789631     /usr/lib/i386-linux-gnu/libXext.so.6.4.0
6b716000-6b719000 r--s 00000000 08:03 547799     /var/cache/fontconfig/7ef2298fde41cc6eeb7af42e48b7d293-le32d4.cache-3
6b719000-6b726000 r--s 00000000 08:03 526218     /var/cache/fontconfig/d52a8644073d54c13679302ca1180695-le32d4.cache-3
6b726000-6b728000 r--s 00000000 08:03 523507     /var/cache/fontconfig/e13b20fdb08344e0e664864cc2ede53d-le32d4.cache-3
6b728000-6b72b000 r--s 00000000 08:03 547799     /var/cache/fontconfig/7ef2298fde41cc6eeb7af42e48b7d293-le32d4.cache-3
6b72b000-6b72d000 r--s 00001000 08:03 818327     /usr/lib/jvm/java-6-openjdk-common/jre/lib/ext/dnsns.jar
6b72d000-6b72e000 ---p 00000000 00:00 0 
6b72e000-6b7ae000 rw-p 00000000 00:00 0 
6b7ae000-6b7b1000 ---p 00000000 00:00 0 
6b7b1000-6b7ff000 rw-p 00000000 00:00 0 
6b7ff000-6b802000 ---p 00000000 00:00 0 
6b802000-6b880000 rw-p 00000000 00:00 0 
6b880000-6b883000 ---p 00000000 00:00 0 
6b883000-6b901000 rw-p 00000000 00:00 0 
6b901000-6b904000 ---p 00000000 00:00 0 
6b904000-6b952000 rw-p 00000000 00:00 0 
6b952000-6b955000 ---p 00000000 00:00 0 
6b955000-6b9a3000 rw-p 00000000 00:00 0 
6b9a3000-6b9a6000 ---p 00000000 00:00 0 
6b9a6000-6b9f4000 rw-p 00000000 00:00 0 
6b9f4000-6b9f8000 r-xp 00000000 08:03 952211     /usr/lib/jvm/java-6-openjdk-i386/jre/lib/i386/libdt_socket.so
6b9f8000-6b9f9000 r--p 00003000 08:03 952211     /usr/lib/jvm/java-6-openjdk-i386/jre/lib/i386/libdt_socket.so
6b9f9000-6b9fa000 rw-p 00004000 08:03 952211     /usr/lib/jvm/java-6-openjdk-i386/jre/lib/i386/libdt_socket.so
6b9fa000-6b9fd000 ---p 00000000 00:00 0 
6b9fd000-6ba4b000 rw-p 00000000 00:00 0 
6ba4b000-6ba4e000 ---p 00000000 00:00 0 
6ba4e000-6ba9c000 rw-p 00000000 00:00 0 
6ba9c000-6ba9f000 ---p 00000000 00:00 0 
6ba9f000-6baed000 rw-p 00000000 00:00 0 
6baed000-6baee000 ---p 00000000 00:00 0 
6baee000-6bb6e000 rw-p 00000000 00:00 0 
6bb6e000-6bd00000 r--s 037bf000 08:03 952217     /usr/lib/jvm/java-6-openjdk-i386/jre/lib/rt.jar
6bd00000-6bdd9000 rw-p 00000000 00:00 0 
6bdd9000-6be00000 ---p 00000000 00:00 0 
6be00000-6be01000 r--s 00000000 08:03 526383     /var/cache/fontconfig/0d8c3b2ac0904cb8a57a757ad11a4a08-le32d4.cache-3
6be01000-6be7f000 r--s 007f5000 08:03 532912     /home/guillaume/Documents/eclipse/configuration/org.eclipse.osgi/bundles/356/1/.cp/lib/scala-library.jar
6be7f000-6be80000 ---p 00000000 00:00 0 
6be80000-6bf00000 rw-p 00000000 00:00 0 
6bf00000-6bf21000 rw-p 00000000 00:00 0 
6bf21000-6c000000 ---p 00000000 00:00 0 
6c000000-6c003000 r--s 00077000 08:03 818325     /usr/lib/jvm/java-6-openjdk-common/jre/lib/ext/localedata.jar
6c003000-6c006000 r--s 00031000 08:03 818326     /usr/lib/jvm/java-6-openjdk-common/jre/lib/ext/sunjce_provider.jar
6c006000-6c039000 rw-p 00000000 00:00 0 
6c039000-6c047000 r--s 000cf000 08:03 532911     /home/guillaume/Documents/eclipse/configuration/org.eclipse.osgi/bundles/356/1/.cp/lib/scala-swing.jar
6c047000-6c048000 ---p 00000000 00:00 0 
6c048000-6c0d0000 rw-p 00000000 00:00 0 
6c0d0000-6c108000 rw-p 00000000 00:00 0 
6c108000-6c11d000 rw-p 00000000 00:00 0 
6c11d000-6c258000 rw-p 00000000 00:00 0 
6c258000-6c260000 rw-p 00000000 00:00 0 
6c260000-6c298000 rw-p 00000000 00:00 0 
6c298000-6c2ad000 rw-p 00000000 00:00 0 
6c2ad000-6c3e7000 rw-p 00000000 00:00 0 
6c3e7000-6c3f2000 rw-p 00000000 00:00 0 
6c3f2000-6c48f000 rw-p 00000000 00:00 0 
6c48f000-6d490000 rw-p 00000000 00:00 0 
6d490000-74490000 rw-p 00000000 00:00 0 
74490000-76e80000 rw-p 00000000 00:00 0 
76e80000-9e340000 rw-p 00000000 00:00 0 
9e340000-9f830000 rw-p 00000000 00:00 0 
9f830000-b3290000 rw-p 00000000 00:00 0 
b3290000-b3291000 r--s 00007000 08:03 1064801    /usr/share/java/java-atk-wrapper.jar
b3291000-b3293000 r--s 0000f000 08:03 818328     /usr/lib/jvm/java-6-openjdk-common/jre/lib/ext/pulse-java.jar
b3293000-b329b000 r--s 00046000 08:03 532913     /home/guillaume/Documents/eclipse/configuration/org.eclipse.osgi/bundles/356/1/.cp/lib/scala-dbc.jar
b329b000-b32a4000 rw-p 00000000 00:00 0 
b32a4000-b335b000 rw-p 00000000 00:00 0 
b335b000-b359b000 rwxp 00000000 00:00 0 
b359b000-b635b000 rw-p 00000000 00:00 0 
b635b000-b6366000 r-xp 00000000 08:03 1178076    /lib/i386-linux-gnu/libnss_files-2.15.so
b6366000-b6367000 r--p 0000a000 08:03 1178076    /lib/i386-linux-gnu/libnss_files-2.15.so
b6367000-b6368000 rw-p 0000b000 08:03 1178076    /lib/i386-linux-gnu/libnss_files-2.15.so
b6368000-b6372000 r-xp 00000000 08:03 1178084    /lib/i386-linux-gnu/libnss_nis-2.15.so
b6372000-b6373000 r--p 00009000 08:03 1178084    /lib/i386-linux-gnu/libnss_nis-2.15.so
b6373000-b6374000 rw-p 0000a000 08:03 1178084    /lib/i386-linux-gnu/libnss_nis-2.15.so
b6374000-b638a000 r-xp 00000000 08:03 1178078    /lib/i386-linux-gnu/libnsl-2.15.so
b638a000-b638b000 r--p 00015000 08:03 1178078    /lib/i386-linux-gnu/libnsl-2.15.so
b638b000-b638c000 rw-p 00016000 08:03 1178078    /lib/i386-linux-gnu/libnsl-2.15.so
b638c000-b638e000 rw-p 00000000 00:00 0 
b638e000-b6395000 r-xp 00000000 08:03 1178064    /lib/i386-linux-gnu/libnss_compat-2.15.so
b6395000-b6396000 r--p 00006000 08:03 1178064    /lib/i386-linux-gnu/libnss_compat-2.15.so
b6396000-b6397000 rw-p 00007000 08:03 1178064    /lib/i386-linux-gnu/libnss_compat-2.15.so
b6397000-b6597000 r--p 00000000 08:03 793752     /usr/lib/locale/locale-archive
b6597000-b65d5000 r-xp 00000000 08:03 952212     /usr/lib/jvm/java-6-openjdk-i386/jre/lib/i386/libjdwp.so
b65d5000-b65d6000 r--p 0003d000 08:03 952212     /usr/lib/jvm/java-6-openjdk-i386/jre/lib/i386/libjdwp.so
b65d6000-b65d7000 rw-p 0003e000 08:03 952212     /usr/lib/jvm/java-6-openjdk-i386/jre/lib/i386/libjdwp.so
b65d7000-b65fd000 r-xp 00000000 08:03 952183     /usr/lib/jvm/java-6-openjdk-i386/jre/lib/i386/libjava.so
b65fd000-b65fe000 r--p 00025000 08:03 952183     /usr/lib/jvm/java-6-openjdk-i386/jre/lib/i386/libjava.so
b65fe000-b6600000 rw-p 00026000 08:03 952183     /usr/lib/jvm/java-6-openjdk-i386/jre/lib/i386/libjava.so
b6600000-b66fc000 rw-p 00000000 00:00 0 
b66fc000-b6700000 ---p 00000000 00:00 0 
b6700000-b6704000 r--s 00038000 08:03 818324     /usr/lib/jvm/java-6-openjdk-common/jre/lib/ext/sunpkcs11.jar
b6704000-b670b000 r-xp 00000000 08:03 952188     /usr/lib/jvm/java-6-openjdk-i386/jre/lib/i386/libzip.so
b670b000-b670c000 r--p 00006000 08:03 952188     /usr/lib/jvm/java-6-openjdk-i386/jre/lib/i386/libzip.so
b670c000-b670d000 rw-p 00007000 08:03 952188     /usr/lib/jvm/java-6-openjdk-i386/jre/lib/i386/libzip.so
b670d000-b6715000 rw-s 00000000 08:03 1309341    /tmp/hsperfdata_guillaume/11307
b6715000-b6716000 r--p 005e0000 08:03 793752     /usr/lib/locale/locale-archive
b6716000-b671d000 r-xp 00000000 08:03 1178065    /lib/i386-linux-gnu/librt-2.15.so
b671d000-b671e000 r--p 00006000 08:03 1178065    /lib/i386-linux-gnu/librt-2.15.so
b671e000-b671f000 rw-p 00007000 08:03 1178065    /lib/i386-linux-gnu/librt-2.15.so
b671f000-b6722000 ---p 00000000 00:00 0 
b6722000-b6770000 rw-p 00000000 00:00 0 
b6770000-b678c000 r-xp 00000000 08:03 1178293    /lib/i386-linux-gnu/libgcc_s.so.1
b678c000-b678d000 r--p 0001b000 08:03 1178293    /lib/i386-linux-gnu/libgcc_s.so.1
b678d000-b678e000 rw-p 0001c000 08:03 1178293    /lib/i386-linux-gnu/libgcc_s.so.1
b678e000-b67b8000 r-xp 00000000 08:03 1178068    /lib/i386-linux-gnu/libm-2.15.so
b67b8000-b67b9000 r--p 00029000 08:03 1178068    /lib/i386-linux-gnu/libm-2.15.so
b67b9000-b67ba000 rw-p 0002a000 08:03 1178068    /lib/i386-linux-gnu/libm-2.15.so
b67ba000-b6892000 r-xp 00000000 08:03 790145     /usr/lib/i386-linux-gnu/libstdc++.so.6.0.16
b6892000-b6893000 ---p 000d8000 08:03 790145     /usr/lib/i386-linux-gnu/libstdc++.so.6.0.16
b6893000-b6897000 r--p 000d8000 08:03 790145     /usr/lib/i386-linux-gnu/libstdc++.so.6.0.16
b6897000-b6898000 rw-p 000dc000 08:03 790145     /usr/lib/i386-linux-gnu/libstdc++.so.6.0.16
b6898000-b689f000 rw-p 00000000 00:00 0 
b689f000-b70bd000 r-xp 00000000 08:03 952198     /usr/lib/jvm/java-6-openjdk-i386/jre/lib/i386/server/libjvm.so
b70bd000-b7102000 r--p 0081e000 08:03 952198     /usr/lib/jvm/java-6-openjdk-i386/jre/lib/i386/server/libjvm.so
b7102000-b7111000 rw-p 00863000 08:03 952198     /usr/lib/jvm/java-6-openjdk-i386/jre/lib/i386/server/libjvm.so
b7111000-b752d000 rw-p 00000000 00:00 0 
b752d000-b7541000 r-xp 00000000 08:03 1178383    /lib/i386-linux-gnu/libz.so.1.2.3.4
b7541000-b7542000 r--p 00013000 08:03 1178383    /lib/i386-linux-gnu/libz.so.1.2.3.4
b7542000-b7543000 rw-p 00014000 08:03 1178383    /lib/i386-linux-gnu/libz.so.1.2.3.4
b7543000-b76e6000 r-xp 00000000 08:03 1178081    /lib/i386-linux-gnu/libc-2.15.so
b76e6000-b76e7000 ---p 001a3000 08:03 1178081    /lib/i386-linux-gnu/libc-2.15.so
b76e7000-b76e9000 r--p 001a3000 08:03 1178081    /lib/i386-linux-gnu/libc-2.15.so
b76e9000-b76ea000 rw-p 001a5000 08:03 1178081    /lib/i386-linux-gnu/libc-2.15.so
b76ea000-b76ed000 rw-p 00000000 00:00 0 
b76ed000-b76f0000 r-xp 00000000 08:03 1178074    /lib/i386-linux-gnu/libdl-2.15.so
b76f0000-b76f1000 r--p 00002000 08:03 1178074    /lib/i386-linux-gnu/libdl-2.15.so
b76f1000-b76f2000 rw-p 00003000 08:03 1178074    /lib/i386-linux-gnu/libdl-2.15.so
b76f2000-b76f6000 r-xp 00000000 08:03 952191     /usr/lib/jvm/java-6-openjdk-i386/jre/lib/i386/jli/libjli.so
b76f6000-b76f7000 r--p 00003000 08:03 952191     /usr/lib/jvm/java-6-openjdk-i386/jre/lib/i386/jli/libjli.so
b76f7000-b76f8000 rw-p 00004000 08:03 952191     /usr/lib/jvm/java-6-openjdk-i386/jre/lib/i386/jli/libjli.so
b76f8000-b76f9000 rw-p 00000000 00:00 0 
b76f9000-b7710000 r-xp 00000000 08:03 1178082    /lib/i386-linux-gnu/libpthread-2.15.so
b7710000-b7711000 r--p 00016000 08:03 1178082    /lib/i386-linux-gnu/libpthread-2.15.so
b7711000-b7712000 rw-p 00017000 08:03 1178082    /lib/i386-linux-gnu/libpthread-2.15.so
b7712000-b7714000 rw-p 00000000 00:00 0 
b7714000-b7717000 r-xp 00000000 08:03 952182     /usr/lib/jvm/java-6-openjdk-i386/jre/lib/i386/libnpt.so
b7717000-b7718000 r--p 00002000 08:03 952182     /usr/lib/jvm/java-6-openjdk-i386/jre/lib/i386/libnpt.so
b7718000-b7719000 rw-p 00003000 08:03 952182     /usr/lib/jvm/java-6-openjdk-i386/jre/lib/i386/libnpt.so
b7719000-b771a000 rw-p 00000000 00:00 0 
b771a000-b771b000 ---p 00000000 00:00 0 
b771b000-b7726000 r-xp 00000000 08:03 952206     /usr/lib/jvm/java-6-openjdk-i386/jre/lib/i386/libverify.so
b7726000-b7727000 ---p 0000b000 08:03 952206     /usr/lib/jvm/java-6-openjdk-i386/jre/lib/i386/libverify.so
b7727000-b7728000 r--p 0000b000 08:03 952206     /usr/lib/jvm/java-6-openjdk-i386/jre/lib/i386/libverify.so
b7728000-b7729000 rw-p 0000c000 08:03 952206     /usr/lib/jvm/java-6-openjdk-i386/jre/lib/i386/libverify.so
b7729000-b772b000 rw-p 00000000 00:00 0 
b772b000-b772c000 r-xp 00000000 00:00 0          [vdso]
b772c000-b774c000 r-xp 00000000 08:03 1178077    /lib/i386-linux-gnu/ld-2.15.so
b774c000-b774d000 r--p 0001f000 08:03 1178077    /lib/i386-linux-gnu/ld-2.15.so
b774d000-b774e000 rw-p 00020000 08:03 1178077    /lib/i386-linux-gnu/ld-2.15.so
bfd2b000-bfd4c000 rw-p 00000000 00:00 0          [stack]

VM Arguments:
jvm_args: -agentlib:jdwp=transport=dt_socket,suspend=y,address=localhost:37448 -Dfile.encoding=UTF-8 -Xbootclasspath/p:/home/guillaume/Documents/eclipse/configuration/org.eclipse.osgi/bundles/356/1/.cp/lib/scala-library.jar:/home/guillaume/Documents/eclipse/configuration/org.eclipse.osgi/bundles/356/1/.cp/lib/scala-dbc.jar:/home/guillaume/Documents/eclipse/configuration/org.eclipse.osgi/bundles/356/1/.cp/lib/scala-swing.jar 
java_command: org.jhotdraw.application.JHotDraw
Launcher Type: SUN_STANDARD

Environment Variables:
PATH=/usr/lib/lightdm/lightdm:/usr/local/sbin:/usr/local/bin:/usr/sbin:/usr/bin:/sbin:/bin:/usr/games
LD_LIBRARY_PATH=/usr/lib/jvm/java-6-openjdk-i386/jre/lib/i386/server:/usr/lib/jvm/java-6-openjdk-i386/jre/lib/i386:/usr/lib/jvm/java-6-openjdk-i386/jre/../lib/i386:/usr/lib/jvm/java-6-openjdk-i386/jre/lib/i386/client:/usr/lib/jvm/java-6-openjdk-i386/jre/lib/i386:
SHELL=/bin/bash
DISPLAY=:0.0

Signal Handlers:
SIGSEGV: [libjvm.so+0x66a270], sa_mask[0]=0x7ffbfeff, sa_flags=0x10000004
SIGBUS: [libjvm.so+0x66a270], sa_mask[0]=0x7ffbfeff, sa_flags=0x10000004
SIGFPE: [libjvm.so+0x52e160], sa_mask[0]=0x7ffbfeff, sa_flags=0x10000004
SIGPIPE: [libjvm.so+0x52e160], sa_mask[0]=0x7ffbfeff, sa_flags=0x10000004
SIGXFSZ: [libjvm.so+0x52e160], sa_mask[0]=0x7ffbfeff, sa_flags=0x10000004
SIGILL: [libjvm.so+0x52e160], sa_mask[0]=0x7ffbfeff, sa_flags=0x10000004
SIGUSR1: SIG_DFL, sa_mask[0]=0x00000000, sa_flags=0x00000000
SIGUSR2: [libjvm.so+0x52dff0], sa_mask[0]=0x00000004, sa_flags=0x10000004
SIGHUP: [libjvm.so+0x531090], sa_mask[0]=0x7ffbfeff, sa_flags=0x10000004
SIGINT: [libjvm.so+0x531090], sa_mask[0]=0x7ffbfeff, sa_flags=0x10000004
SIGTERM: [libjvm.so+0x531090], sa_mask[0]=0x7ffbfeff, sa_flags=0x10000004
SIGQUIT: [libjvm.so+0x531090], sa_mask[0]=0x7ffbfeff, sa_flags=0x10000004


---------------  S Y S T E M  ---------------

OS:Ubuntu 12.04 (precise)
uname:Linux 3.2.0-32-generic-pae #51-Ubuntu SMP Wed Sep 26 21:54:23 UTC 2012 i686
libc:glibc 2.15 NPTL 2.15 
rlimit: STACK 8192k, CORE 0k, NPROC 32067, NOFILE 4096, AS infinity
load average:0.65 0.83 0.88

/proc/meminfo:
MemTotal:        4119212 kB
MemFree:         1912252 kB
Buffers:          182636 kB
Cached:           867964 kB
SwapCached:            0 kB
Active:          1455312 kB
Inactive:         639064 kB
Active(anon):    1044800 kB
Inactive(anon):     2152 kB
Active(file):     410512 kB
Inactive(file):   636912 kB
Unevictable:          92 kB
Mlocked:              92 kB
HighTotal:       3278440 kB
HighFree:        1344536 kB
LowTotal:         840772 kB
LowFree:          567716 kB
SwapTotal:             0 kB
SwapFree:              0 kB
Dirty:                80 kB
Writeback:             0 kB
AnonPages:       1044240 kB
Mapped:           139480 kB
Shmem:              2904 kB
Slab:              62568 kB
SReclaimable:      44676 kB
SUnreclaim:        17892 kB
KernelStack:        4112 kB
PageTables:         8372 kB
NFS_Unstable:          0 kB
Bounce:                0 kB
WritebackTmp:          0 kB
CommitLimit:     2059604 kB
Committed_AS:    3207640 kB
VmallocTotal:     122880 kB
VmallocUsed:       50224 kB
VmallocChunk:      59668 kB
HardwareCorrupted:     0 kB
AnonHugePages:         0 kB
HugePages_Total:       0
HugePages_Free:        0
HugePages_Rsvd:        0
HugePages_Surp:        0
Hugepagesize:       2048 kB
DirectMap4k:       63480 kB
DirectMap2M:      849920 kB


CPU:total 2 (2 cores per cpu, 1 threads per core) family 6 model 23 stepping 6, cmov, cx8, fxsr, mmx, sse, sse2, sse3, ssse3, sse4.1

Memory: 4k page, physical 4119212k(1912252k free), swap 0k(0k free)

vm_info: OpenJDK Server VM (20.0-b12) for linux-x86 JRE (1.6.0_24-b24), built on Sep  1 2012 19:13:49 by "buildd" with gcc 4.6.3

time: Fri Oct 26 13:51:05 2012
elapsed time: 97 seconds

